2026-04-12T03:49:48.121-03:00  INFO 21096 --- [teamheart] [main] com.teamheart.TeamheartApplication       : Starting TeamheartApplication using Java 21.0.10 with PID 21096 (C:\Users\beatr\Downloads\teamheart-app-master\target\classes started by beatr in C:\Users\beatr\Downloads\teamheart-app-master)
2026-04-12T03:49:48.131-03:00  INFO 21096 --- [teamheart] [main] com.teamheart.TeamheartApplication       : No active profile set, falling back to 1 default profile: "default"
2026-04-12T03:49:49.474-03:00  INFO 21096 --- [teamheart] [main] .s.d.r.c.RepositoryConfigurationDelegate : Bootstrapping Spring Data JPA repositories in DEFAULT mode.
2026-04-12T03:49:49.550-03:00  INFO 21096 --- [teamheart] [main] .s.d.r.c.RepositoryConfigurationDelegate : Finished Spring Data repository scanning in 68 ms. Found 6 JPA repository interfaces.
2026-04-12T03:49:50.078-03:00  INFO 21096 --- [teamheart] [main] o.s.b.w.embedded.tomcat.TomcatWebServer  : Tomcat initialized with port 8080 (http)
2026-04-12T03:49:50.092-03:00  INFO 21096 --- [teamheart] [main] o.apache.catalina.core.StandardService   : Starting service [Tomcat]
2026-04-12T03:49:50.093-03:00  INFO 21096 --- [teamheart] [main] o.apache.catalina.core.StandardEngine    : Starting Servlet engine: [Apache Tomcat/10.1.30]
2026-04-12T03:49:50.163-03:00  INFO 21096 --- [teamheart] [main] o.a.c.c.C.[Tomcat].[localhost].[/]       : Initializing Spring embedded WebApplicationContext
2026-04-12T03:49:50.163-03:00  INFO 21096 --- [teamheart] [main] w.s.c.ServletWebServerApplicationContext : Root WebApplicationContext: initialization completed in 1985 ms
2026-04-12T03:49:50.457-03:00  INFO 21096 --- [teamheart] [main] com.zaxxer.hikari.HikariDataSource       : HikariPool-1 - Starting...
2026-04-12T03:49:50.832-03:00  INFO 21096 --- [teamheart] [main] com.zaxxer.hikari.pool.HikariPool        : HikariPool-1 - Added connection oracle.jdbc.driver.T4CConnection@6b16de91
2026-04-12T03:49:50.833-03:00  INFO 21096 --- [teamheart] [main] com.zaxxer.hikari.HikariDataSource       : HikariPool-1 - Start completed.
2026-04-12T03:49:50.851-03:00  INFO 21096 --- [teamheart] [main] org.flywaydb.core.FlywayExecutor         : Database: jdbc:oracle:thin:@oracle.fiap.com.br:1521:ORCL (Oracle 19.0)
2026-04-12T03:49:51.117-03:00  INFO 21096 --- [teamheart] [main] o.f.core.internal.command.DbValidate     : Successfully validated 7 migrations (execution time 00:00.049s)
2026-04-12T03:49:51.210-03:00  INFO 21096 --- [teamheart] [main] o.f.core.internal.command.DbMigrate      : Current version of schema "RM560895": 6
2026-04-12T03:49:51.220-03:00  INFO 21096 --- [teamheart] [main] o.f.core.internal.command.DbMigrate      : Schema "RM560895" is up to date. No migration necessary.
2026-04-12T03:49:51.334-03:00  INFO 21096 --- [teamheart] [main] o.hibernate.jpa.internal.util.LogHelper  : HHH000204: Processing PersistenceUnitInfo [name: default]
2026-04-12T03:49:51.426-03:00  INFO 21096 --- [teamheart] [main] org.hibernate.Version                    : HHH000412: Hibernate ORM core version 6.5.3.Final
2026-04-12T03:49:51.465-03:00  INFO 21096 --- [teamheart] [main] o.h.c.internal.RegionFactoryInitiator    : HHH000026: Second-level cache disabled
2026-04-12T03:49:51.836-03:00  INFO 21096 --- [teamheart] [main] o.s.o.j.p.SpringPersistenceUnitInfo      : No LoadTimeWeaver setup: ignoring JPA class transformer
2026-04-12T03:49:51.912-03:00  WARN 21096 --- [teamheart] [main] org.hibernate.orm.deprecation            : HHH90000025: OracleDialect does not need to be specified explicitly using 'hibernate.dialect' (remove the property setting and it will be selected by default)
2026-04-12T03:49:52.992-03:00  INFO 21096 --- [teamheart] [main] o.h.e.t.j.p.i.JtaPlatformInitiator       : HHH000489: No JTA platform available (set 'hibernate.transaction.jta.platform' to enable JTA platform integration)
2026-04-12T03:49:52.995-03:00  INFO 21096 --- [teamheart] [main] j.LocalContainerEntityManagerFactoryBean : Initialized JPA EntityManagerFactory for persistence unit 'default'
2026-04-12T03:49:53.228-03:00  INFO 21096 --- [teamheart] [main] o.s.d.j.r.query.QueryEnhancerFactory     : Hibernate is in classpath; If applicable, HQL parser will be used.
2026-04-12T03:49:53.847-03:00  WARN 21096 --- [teamheart] [main] JpaBaseConfiguration$JpaWebConfiguration : spring.jpa.open-in-view is enabled by default. Therefore, database queries may be performed during view rendering. Explicitly configure spring.jpa.open-in-view to disable this warning
2026-04-12T03:49:53.865-03:00  WARN 21096 --- [teamheart] [main] .s.s.UserDetailsServiceAutoConfiguration : 

Using generated security password: 3adc0983-543d-4067-8c21-618fe66d7339

This generated password is for development use only. Your security configuration must be updated before running your application in production.

2026-04-12T03:49:53.874-03:00  INFO 21096 --- [teamheart] [main] r$InitializeUserDetailsManagerConfigurer : Global AuthenticationManager configured with UserDetailsService bean with name inMemoryUserDetailsManager
2026-04-12T03:49:54.468-03:00  WARN 21096 --- [teamheart] [main] ConfigServletWebServerApplicationContext : Exception encountered during context initialization - cancelling refresh attempt: org.springframework.context.ApplicationContextException: Failed to start bean 'webServerStartStop'
2026-04-12T03:49:54.470-03:00  INFO 21096 --- [teamheart] [main] j.LocalContainerEntityManagerFactoryBean : Closing JPA EntityManagerFactory for persistence unit 'default'
2026-04-12T03:49:54.472-03:00  INFO 21096 --- [teamheart] [main] com.zaxxer.hikari.HikariDataSource       : HikariPool-1 - Shutdown initiated...
2026-04-12T03:49:54.497-03:00  INFO 21096 --- [teamheart] [main] com.zaxxer.hikari.HikariDataSource       : HikariPool-1 - Shutdown completed.
2026-04-12T03:49:54.507-03:00  INFO 21096 --- [teamheart] [main] .s.b.a.l.ConditionEvaluationReportLogger : 

Error starting ApplicationContext. To display the condition evaluation report re-run your application with 'debug' enabled.
2026-04-12T03:49:54.524-03:00 ERROR 21096 --- [teamheart] [main] o.s.b.d.LoggingFailureAnalysisReporter   : 

***************************
APPLICATION FAILED TO START
***************************

Description:

Web server failed to start. Port 8080 was already in use.

Action:

Identify and stop the process that's listening on port 8080 or configure this application to listen on another port.

2026-04-12T03:50:17.236-03:00  INFO 19612 --- [teamheart] [main] com.teamheart.TeamheartApplication       : Starting TeamheartApplication using Java 21.0.10 with PID 19612 (C:\Users\beatr\Downloads\teamheart-app-master\target\classes started by beatr in C:\Users\beatr\Downloads\teamheart-app-master)
2026-04-12T03:50:17.238-03:00  INFO 19612 --- [teamheart] [main] com.teamheart.TeamheartApplication       : No active profile set, falling back to 1 default profile: "default"
2026-04-12T03:50:17.983-03:00  INFO 19612 --- [teamheart] [main] .s.d.r.c.RepositoryConfigurationDelegate : Bootstrapping Spring Data JPA repositories in DEFAULT mode.
2026-04-12T03:50:18.061-03:00  INFO 19612 --- [teamheart] [main] .s.d.r.c.RepositoryConfigurationDelegate : Finished Spring Data repository scanning in 71 ms. Found 6 JPA repository interfaces.
2026-04-12T03:50:18.546-03:00  INFO 19612 --- [teamheart] [main] o.s.b.w.embedded.tomcat.TomcatWebServer  : Tomcat initialized with port 8080 (http)
2026-04-12T03:50:18.558-03:00  INFO 19612 --- [teamheart] [main] o.apache.catalina.core.StandardService   : Starting service [Tomcat]
2026-04-12T03:50:18.559-03:00  INFO 19612 --- [teamheart] [main] o.apache.catalina.core.StandardEngine    : Starting Servlet engine: [Apache Tomcat/10.1.30]
2026-04-12T03:50:18.621-03:00  INFO 19612 --- [teamheart] [main] o.a.c.c.C.[Tomcat].[localhost].[/]       : Initializing Spring embedded WebApplicationContext
2026-04-12T03:50:18.622-03:00  INFO 19612 --- [teamheart] [main] w.s.c.ServletWebServerApplicationContext : Root WebApplicationContext: initialization completed in 1342 ms
2026-04-12T03:50:18.867-03:00  INFO 19612 --- [teamheart] [main] com.zaxxer.hikari.HikariDataSource       : HikariPool-1 - Starting...
2026-04-12T03:50:19.199-03:00  INFO 19612 --- [teamheart] [main] com.zaxxer.hikari.pool.HikariPool        : HikariPool-1 - Added connection oracle.jdbc.driver.T4CConnection@28d739f1
2026-04-12T03:50:19.201-03:00  INFO 19612 --- [teamheart] [main] com.zaxxer.hikari.HikariDataSource       : HikariPool-1 - Start completed.
2026-04-12T03:50:19.219-03:00  INFO 19612 --- [teamheart] [main] org.flywaydb.core.FlywayExecutor         : Database: jdbc:oracle:thin:@oracle.fiap.com.br:1521:ORCL (Oracle 19.0)
2026-04-12T03:50:19.470-03:00  INFO 19612 --- [teamheart] [main] o.f.core.internal.command.DbValidate     : Successfully validated 7 migrations (execution time 00:00.044s)
2026-04-12T03:50:19.561-03:00  INFO 19612 --- [teamheart] [main] o.f.core.internal.command.DbMigrate      : Current version of schema "RM560895": 6
2026-04-12T03:50:19.571-03:00  INFO 19612 --- [teamheart] [main] o.f.core.internal.command.DbMigrate      : Schema "RM560895" is up to date. No migration necessary.
2026-04-12T03:50:19.655-03:00  INFO 19612 --- [teamheart] [main] o.hibernate.jpa.internal.util.LogHelper  : HHH000204: Processing PersistenceUnitInfo [name: default]
2026-04-12T03:50:19.715-03:00  INFO 19612 --- [teamheart] [main] org.hibernate.Version                    : HHH000412: Hibernate ORM core version 6.5.3.Final
2026-04-12T03:50:19.749-03:00  INFO 19612 --- [teamheart] [main] o.h.c.internal.RegionFactoryInitiator    : HHH000026: Second-level cache disabled
2026-04-12T03:50:20.036-03:00  INFO 19612 --- [teamheart] [main] o.s.o.j.p.SpringPersistenceUnitInfo      : No LoadTimeWeaver setup: ignoring JPA class transformer
2026-04-12T03:50:20.092-03:00  WARN 19612 --- [teamheart] [main] org.hibernate.orm.deprecation            : HHH90000025: OracleDialect does not need to be specified explicitly using 'hibernate.dialect' (remove the property setting and it will be selected by default)
2026-04-12T03:50:21.048-03:00  INFO 19612 --- [teamheart] [main] o.h.e.t.j.p.i.JtaPlatformInitiator       : HHH000489: No JTA platform available (set 'hibernate.transaction.jta.platform' to enable JTA platform integration)
2026-04-12T03:50:21.051-03:00  INFO 19612 --- [teamheart] [main] j.LocalContainerEntityManagerFactoryBean : Initialized JPA EntityManagerFactory for persistence unit 'default'
2026-04-12T03:50:21.227-03:00  INFO 19612 --- [teamheart] [main] o.s.d.j.r.query.QueryEnhancerFactory     : Hibernate is in classpath; If applicable, HQL parser will be used.
2026-04-12T03:50:21.714-03:00  WARN 19612 --- [teamheart] [main] JpaBaseConfiguration$JpaWebConfiguration : spring.jpa.open-in-view is enabled by default. Therefore, database queries may be performed during view rendering. Explicitly configure spring.jpa.open-in-view to disable this warning
2026-04-12T03:50:21.736-03:00  WARN 19612 --- [teamheart] [main] .s.s.UserDetailsServiceAutoConfiguration : 

Using generated security password: 3fd2464a-e01e-4c38-9af2-eab5899c4127

This generated password is for development use only. Your security configuration must be updated before running your application in production.

2026-04-12T03:50:21.743-03:00  INFO 19612 --- [teamheart] [main] r$InitializeUserDetailsManagerConfigurer : Global AuthenticationManager configured with UserDetailsService bean with name inMemoryUserDetailsManager
2026-04-12T03:50:22.260-03:00  INFO 19612 --- [teamheart] [main] o.s.b.w.embedded.tomcat.TomcatWebServer  : Tomcat started on port 8080 (http) with context path '/'
2026-04-12T03:50:22.268-03:00  INFO 19612 --- [teamheart] [main] com.teamheart.TeamheartApplication       : Started TeamheartApplication in 5.446 seconds (process running for 6.211)
2026-04-12T03:50:31.735-03:00  INFO 19612 --- [teamheart] [http-nio-8080-exec-1] o.a.c.c.C.[Tomcat].[localhost].[/]       : Initializing Spring DispatcherServlet 'dispatcherServlet'
2026-04-12T03:50:31.735-03:00  INFO 19612 --- [teamheart] [http-nio-8080-exec-1] o.s.web.servlet.DispatcherServlet        : Initializing Servlet 'dispatcherServlet'
2026-04-12T03:50:31.736-03:00  INFO 19612 --- [teamheart] [http-nio-8080-exec-1] o.s.web.servlet.DispatcherServlet        : Completed initialization in 1 ms
2026-04-12T03:50:32.479-03:00  INFO 19612 --- [teamheart] [http-nio-8080-exec-9] o.springdoc.api.AbstractOpenApiResource  : Init duration for springdoc-openapi is: 413 ms
2026-04-12T03:50:39.229-03:00  INFO 19612 --- [teamheart] [SpringApplicationShutdownHook] j.LocalContainerEntityManagerFactoryBean : Closing JPA EntityManagerFactory for persistence unit 'default'
2026-04-12T03:50:39.231-03:00  INFO 19612 --- [teamheart] [SpringApplicationShutdownHook] com.zaxxer.hikari.HikariDataSource       : HikariPool-1 - Shutdown initiated...
2026-04-12T03:50:39.254-03:00  INFO 19612 --- [teamheart] [SpringApplicationShutdownHook] com.zaxxer.hikari.HikariDataSource       : HikariPool-1 - Shutdown completed.
